<?xml version="1.0" encoding="UTF-8"?>
<!-- Generated by org.testng.reporters.JUnitReportReporter -->
<testsuite hostname="LAPTOP-AA8AIQLT" failures="0" tests="1" name="testScripts.FirstTest" time="108.842" errors="0" timestamp="2023-02-17T09:39:58 IST" skipped="0">
  <testcase classname="testScripts.FirstTest" name="firsttest" time="108.842"/>
  <system-out/>
</testsuite> <!-- testScripts.FirstTest -->
